c:\users\deadtomgc\documents\visual studio 2013\projects\projkrieg\projkrieg\debug\vc120.pdb
c:\users\deadtomgc\documents\visual studio 2013\projects\projkrieg\projkrieg\debug\vc120.idb
c:\users\deadtomgc\documents\visual studio 2013\projects\projkrieg\projkrieg\debug\kriegblock.obj
c:\users\deadtomgc\documents\visual studio 2013\projects\projkrieg\projkrieg\debug\kriegmap.obj
c:\users\deadtomgc\documents\visual studio 2013\projects\projkrieg\projkrieg\debug\main.obj
c:\users\deadtomgc\documents\visual studio 2013\projects\projkrieg\projkrieg\debug\object.obj
c:\users\deadtomgc\documents\visual studio 2013\projects\projkrieg\projkrieg\debug\sprite.obj
c:\users\deadtomgc\documents\visual studio 2013\projects\projkrieg\projkrieg\debug\utils.obj
c:\users\deadtomgc\documents\visual studio 2013\projects\projkrieg\debug\projkrieg.pdb
c:\users\deadtomgc\documents\visual studio 2013\projects\projkrieg\projkrieg\debug\projkrieg.tlog\cl.command.1.tlog
c:\users\deadtomgc\documents\visual studio 2013\projects\projkrieg\projkrieg\debug\projkrieg.tlog\cl.read.1.tlog
c:\users\deadtomgc\documents\visual studio 2013\projects\projkrieg\projkrieg\debug\projkrieg.tlog\cl.write.1.tlog
c:\users\deadtomgc\documents\visual studio 2013\projects\projkrieg\projkrieg\debug\projkrieg.tlog\link.4472-cvtres.read.1.tlog
c:\users\deadtomgc\documents\visual studio 2013\projects\projkrieg\projkrieg\debug\projkrieg.tlog\link.4472-cvtres.write.1.tlog
c:\users\deadtomgc\documents\visual studio 2013\projects\projkrieg\projkrieg\debug\projkrieg.tlog\link.4472-rc.read.1.tlog
c:\users\deadtomgc\documents\visual studio 2013\projects\projkrieg\projkrieg\debug\projkrieg.tlog\link.4472-rc.write.1.tlog
c:\users\deadtomgc\documents\visual studio 2013\projects\projkrieg\projkrieg\debug\projkrieg.tlog\link.4472.read.1.tlog
c:\users\deadtomgc\documents\visual studio 2013\projects\projkrieg\projkrieg\debug\projkrieg.tlog\link.4472.write.1.tlog
c:\users\deadtomgc\documents\visual studio 2013\projects\projkrieg\projkrieg\debug\projkrieg.tlog\link.command.1.tlog
c:\users\deadtomgc\documents\visual studio 2013\projects\projkrieg\projkrieg\debug\projkrieg.tlog\link.read.1.tlog
c:\users\deadtomgc\documents\visual studio 2013\projects\projkrieg\projkrieg\debug\projkrieg.tlog\link.write.1.tlog
