Build started 6/22/2014 3:57:13 PM.
     1>Project "c:\Users\deadtomgc1\documents\visual studio 2010\Projects\projKrieg\projKrieg\projKrieg.vcxproj" on node 2 (build target(s)).
     1>InitializeBuildStatus:
         Touching "Release\projKrieg.unsuccessfulbuild".
       ClCompile:
         All outputs are up-to-date.
       Link:
         C:\Program Files (x86)\Microsoft Visual Studio 10.0\VC\bin\link.exe /ERRORREPORT:PROMPT /OUT:"c:\users\deadtomgc1\documents\visual studio 2010\Projects\projKrieg\Release\projKrieg.exe" /NOLOGO SDL2.lib SDL2main.lib SDL2test.lib kernel32.lib user32.lib gdi32.lib winspool.lib comdlg32.lib advapi32.lib shell32.lib ole32.lib oleaut32.lib uuid.lib odbc32.lib odbccp32.lib /MANIFEST /ManifestFile:"Release\projKrieg.exe.intermediate.manifest" /MANIFESTUAC:"level='asInvoker' uiAccess='false'" /DEBUG /PDB:"c:\users\deadtomgc1\documents\visual studio 2010\Projects\projKrieg\Release\projKrieg.pdb" /SUBSYSTEM:WINDOWS /OPT:REF /OPT:ICF /LTCG /TLBID:1 /DYNAMICBASE /NXCOMPAT /IMPLIB:"c:\users\deadtomgc1\documents\visual studio 2010\Projects\projKrieg\Release\projKrieg.lib" /MACHINE:X86 Release\main.obj
         Release\Sprite.obj
         Generating code
         Finished generating code
         projKrieg.vcxproj -> c:\users\deadtomgc1\documents\visual studio 2010\Projects\projKrieg\Release\projKrieg.exe
       Manifest:
         C:\Program Files (x86)\Microsoft SDKs\Windows\v7.0A\bin\mt.exe /nologo /verbose /outputresource:"c:\users\deadtomgc1\documents\visual studio 2010\Projects\projKrieg\Release\projKrieg.exe;#1" /manifest Release\projKrieg.exe.intermediate.manifest
       FinalizeBuildStatus:
         Deleting file "Release\projKrieg.unsuccessfulbuild".
         Touching "Release\projKrieg.lastbuildstate".
     1>Done Building Project "c:\Users\deadtomgc1\documents\visual studio 2010\Projects\projKrieg\projKrieg\projKrieg.vcxproj" (build target(s)).

Build succeeded.

Time Elapsed 00:00:00.38
