c:\users\deadtomgc1\documents\visual studio 2010\projects\projkrieg\projkrieg\release\utils.obj
c:\users\deadtomgc1\documents\visual studio 2010\projects\projkrieg\projkrieg\release\main.obj
c:\users\deadtomgc1\documents\visual studio 2010\projects\projkrieg\projkrieg\release\sprite.obj
c:\users\deadtomgc1\documents\visual studio 2010\projects\projkrieg\projkrieg\release\vc100.pdb
c:\users\deadtomgc\documents\visual studio 2010\projects\projkrieg\projkrieg\release\utils.obj
c:\users\deadtomgc\documents\visual studio 2010\projects\projkrieg\projkrieg\release\main.obj
c:\users\deadtomgc\documents\visual studio 2010\projects\projkrieg\projkrieg\release\sprite.obj
c:\users\deadtomgc\documents\visual studio 2010\projects\projkrieg\projkrieg\release\vc100.pdb
c:\users\deadtomgc1\documents\visual studio 2010\projects\projkrieg\release\projkrieg.exe
c:\users\deadtomgc1\documents\visual studio 2010\projects\projkrieg\projkrieg\release\projkrieg.exe.intermediate.manifest
c:\users\deadtomgc1\documents\visual studio 2010\projects\projkrieg\release\projkrieg.pdb
c:\users\deadtomgc\documents\visual studio 2010\projects\projkrieg\release\projkrieg.exe
c:\users\deadtomgc\documents\visual studio 2010\projects\projkrieg\projkrieg\release\projkrieg.exe.intermediate.manifest
c:\users\deadtomgc\documents\visual studio 2010\projects\projkrieg\release\projkrieg.pdb
c:\program files (x86)\steam\gameoverlayrenderer.log
c:\users\deadtomgc\documents\visual studio 2013\projects\projkrieg\projkrieg\release\vc120.pdb
c:\users\deadtomgc\documents\visual studio 2013\projects\projkrieg\projkrieg\release\utils.obj
c:\users\deadtomgc\documents\visual studio 2013\projects\projkrieg\projkrieg\release\sprite.obj
c:\users\deadtomgc\documents\visual studio 2013\projects\projkrieg\projkrieg\release\main.obj
c:\users\deadtomgc\documents\visual studio 2013\projects\projkrieg\projkrieg\release\projkrieg.vcxprojresolveassemblyreference.cache
c:\users\deadtomgc\documents\visual studio 2013\projects\projkrieg\projkrieg\release\cl.command.1.tlog
c:\users\deadtomgc\documents\visual studio 2013\projects\projkrieg\projkrieg\release\cl.read.1.tlog
c:\users\deadtomgc\documents\visual studio 2013\projects\projkrieg\projkrieg\release\cl.write.1.tlog
c:\users\deadtomgc\documents\visual studio 2013\projects\projkrieg\projkrieg\release\link.command.1.tlog
c:\users\deadtomgc\documents\visual studio 2013\projects\projkrieg\projkrieg\release\link.read.1.tlog
c:\users\deadtomgc\documents\visual studio 2013\projects\projkrieg\projkrieg\release\link.write.1.tlog
c:\users\deadtomgc\documents\visual studio 2013\projects\projkrieg\projkrieg\release\mt.command.1.tlog
c:\users\deadtomgc\documents\visual studio 2013\projects\projkrieg\projkrieg\release\mt.read.1.tlog
c:\users\deadtomgc\documents\visual studio 2013\projects\projkrieg\projkrieg\release\mt.write.1.tlog
c:\users\deadtomgc\documents\visual studio 2013\projects\projkrieg\projkrieg\release\projkrieg.write.1.tlog
c:\users\deadtomgc\documents\visual studio 2013\projects\projkrieg\projkrieg\release\projkrieg.exe.intermediate.manifest
c:\users\deadtomgc\documents\visual studio 2013\projects\projkrieg\projkrieg\release\vc100.pdb
c:\users\deadtomgc\documents\visual studio 2013\projects\projkrieg\projkrieg\release\projkrieg.tlog\cl.command.1.tlog
c:\users\deadtomgc\documents\visual studio 2013\projects\projkrieg\projkrieg\release\projkrieg.tlog\cl.read.1.tlog
c:\users\deadtomgc\documents\visual studio 2013\projects\projkrieg\projkrieg\release\projkrieg.tlog\cl.write.1.tlog
c:\users\deadtomgc\documents\visual studio 2013\projects\projkrieg\projkrieg\release\projkrieg.tlog\link-cvtres.read.1.tlog
c:\users\deadtomgc\documents\visual studio 2013\projects\projkrieg\projkrieg\release\projkrieg.tlog\link-cvtres.write.1.tlog
c:\users\deadtomgc\documents\visual studio 2013\projects\projkrieg\projkrieg\release\projkrieg.tlog\link-rc.read.1.tlog
c:\users\deadtomgc\documents\visual studio 2013\projects\projkrieg\projkrieg\release\projkrieg.tlog\link-rc.write.1.tlog
c:\users\deadtomgc\documents\visual studio 2013\projects\projkrieg\projkrieg\release\projkrieg.tlog\link.command.1.tlog
c:\users\deadtomgc\documents\visual studio 2013\projects\projkrieg\projkrieg\release\projkrieg.tlog\link.read.1.tlog
c:\users\deadtomgc\documents\visual studio 2013\projects\projkrieg\projkrieg\release\projkrieg.tlog\link.write.1.tlog
