Build started 11/18/2015 9:36:27 PM.
     1>Project "C:\Users\DeadTomGC\Documents\Visual Studio 2013\Projects\projkrieg\ObjectLib\ObjectLib.vcxproj" on node 3 (Rebuild target(s)).
     1>ClCompile:
         C:\Program Files (x86)\Microsoft Visual Studio 12.0\VC\bin\CL.exe /c /ZI /nologo /W3 /WX- /sdl /Od /Oy- /D WIN32 /D _DEBUG /D _WINDOWS /D _USRDLL /D OBJECTLIB_EXPORTS /D _WINDLL /D _UNICODE /D UNICODE /Gm /EHsc /RTC1 /MDd /GS /fp:precise /Zc:wchar_t /Zc:forScope /Fo"Debug\\" /Fd"Debug\vc120.pdb" /Gd /TP /analyze- /errorReport:prompt ..\projKrieg\object.cpp ..\projKrieg\Sprite.cpp ..\projKrieg\utils.cpp background.cpp Factory.cpp
         Factory.cpp
         background.cpp
         utils.cpp
         Sprite.cpp
         object.cpp
         Generating Code...
       Link:
         C:\Program Files (x86)\Microsoft Visual Studio 12.0\VC\bin\link.exe /ERRORREPORT:PROMPT /OUT:"C:\Users\DeadTomGC\Documents\Visual Studio 2013\Projects\projkrieg\Debug\ObjectLib.dll" /INCREMENTAL /NOLOGO SDL2.lib SDL2main.lib SDL2test.lib kernel32.lib user32.lib gdi32.lib winspool.lib comdlg32.lib advapi32.lib shell32.lib ole32.lib oleaut32.lib uuid.lib odbc32.lib odbccp32.lib kernel32.lib user32.lib gdi32.lib winspool.lib comdlg32.lib advapi32.lib shell32.lib ole32.lib oleaut32.lib uuid.lib odbc32.lib odbccp32.lib /MANIFEST /MANIFESTUAC:"level='asInvoker' uiAccess='false'" /manifest:embed /DEBUG /PDB:"C:\Users\DeadTomGC\Documents\Visual Studio 2013\Projects\projkrieg\Debug\ObjectLib.pdb" /SUBSYSTEM:WINDOWS /TLBID:1 /DYNAMICBASE /NXCOMPAT /IMPLIB:"C:\Users\DeadTomGC\Documents\Visual Studio 2013\Projects\projkrieg\Debug\ObjectLib.lib" /MACHINE:X86 /DLL Debug\object.obj
         Debug\Sprite.obj
         Debug\utils.obj
         Debug\background.obj
         Debug\Factory.obj
            Creating library C:\Users\DeadTomGC\Documents\Visual Studio 2013\Projects\projkrieg\Debug\ObjectLib.lib and object C:\Users\DeadTomGC\Documents\Visual Studio 2013\Projects\projkrieg\Debug\ObjectLib.exp
         ObjectLib.vcxproj -> C:\Users\DeadTomGC\Documents\Visual Studio 2013\Projects\projkrieg\Debug\ObjectLib.dll
     1>Done Building Project "C:\Users\DeadTomGC\Documents\Visual Studio 2013\Projects\projkrieg\ObjectLib\ObjectLib.vcxproj" (Rebuild target(s)).

Build succeeded.

Time Elapsed 00:00:01.64
