Build started 11/17/2015 12:54:50 AM.
     1>Project "C:\Users\DeadTomGC\Documents\Visual Studio 2013\Projects\projkrieg\ObjectLib\ObjectLib.vcxproj" on node 3 (Build target(s)).
     1>ClCompile:
         C:\Program Files (x86)\Microsoft Visual Studio 12.0\VC\bin\CL.exe /c /Zi /nologo /W3 /WX- /sdl /O2 /Oi /Oy- /GL /D WIN32 /D NDEBUG /D _WINDOWS /D _USRDLL /D OBJECTLIB_EXPORTS /D _WINDLL /D _UNICODE /D UNICODE /Gm- /EHsc /MD /GS /Gy /fp:precise /Zc:wchar_t /Zc:forScope /Fo"Release\\" /Fd"Release\vc120.pdb" /Gd /TP /analyze- /errorReport:prompt ..\projKrieg\Sprite.cpp ..\projKrieg\object.cpp Factory.cpp background.cpp
         Sprite.cpp
         object.cpp
         Factory.cpp
         background.cpp
       Link:
         C:\Program Files (x86)\Microsoft Visual Studio 12.0\VC\bin\link.exe /ERRORREPORT:PROMPT /OUT:"C:\Users\DeadTomGC\Documents\Visual Studio 2013\Projects\projkrieg\Release\ObjectLib.dll" /INCREMENTAL:NO /NOLOGO SDL2.lib SDL2main.lib SDL2test.lib kernel32.lib user32.lib gdi32.lib winspool.lib comdlg32.lib advapi32.lib shell32.lib ole32.lib oleaut32.lib uuid.lib odbc32.lib odbccp32.lib /MANIFEST /MANIFESTUAC:"level='asInvoker' uiAccess='false'" /manifest:embed /DEBUG /PDB:"C:\Users\DeadTomGC\Documents\Visual Studio 2013\Projects\projkrieg\Release\ObjectLib.pdb" /SUBSYSTEM:WINDOWS /OPT:REF /OPT:ICF /LTCG /TLBID:1 /DYNAMICBASE /NXCOMPAT /IMPLIB:"C:\Users\DeadTomGC\Documents\Visual Studio 2013\Projects\projkrieg\Release\ObjectLib.lib" /MACHINE:X86 /SAFESEH /DLL Release\object.obj
         Release\Sprite.obj
         Release\utils.obj
         Release\background.obj
         Release\Factory.obj
            Creating library C:\Users\DeadTomGC\Documents\Visual Studio 2013\Projects\projkrieg\Release\ObjectLib.lib and object C:\Users\DeadTomGC\Documents\Visual Studio 2013\Projects\projkrieg\Release\ObjectLib.exp
         Generating code
         Finished generating code
         ObjectLib.vcxproj -> C:\Users\DeadTomGC\Documents\Visual Studio 2013\Projects\projkrieg\Release\ObjectLib.dll
     1>Done Building Project "C:\Users\DeadTomGC\Documents\Visual Studio 2013\Projects\projkrieg\ObjectLib\ObjectLib.vcxproj" (Build target(s)).

Build succeeded.

Time Elapsed 00:00:01.70
